This is pdfTeX, Version 3.14159265-2.6-1.40.20 (TeX Live 2019/Debian) (preloaded format=pdflatex 2021.6.20)  1 DEC 2021 13:28
entering extended mode
 restricted \write18 enabled.
 %&-line parsing enabled.
**report.tex
(./report.tex
LaTeX2e <2020-02-02> patch level 2
L3 programming layer <2020-02-14>
(/usr/share/texlive/texmf-dist/tex/latex/base/article.cls
Document Class: article 2019/12/20 v1.4l Standard LaTeX document class
(/usr/share/texlive/texmf-dist/tex/latex/base/size10.clo
File: size10.clo 2019/12/20 v1.4l Standard LaTeX file (size option)
)
\c@part=\count167
\c@section=\count168
\c@subsection=\count169
\c@subsubsection=\count170
\c@paragraph=\count171
\c@subparagraph=\count172
\c@figure=\count173
\c@table=\count174
\abovecaptionskip=\skip47
\belowcaptionskip=\skip48
\bibindent=\dimen134
)
(/usr/share/texlive/texmf-dist/tex/latex/base/inputenc.sty
Package: inputenc 2018/08/11 v1.3c Input encoding file
\inpenc@prehook=\toks14
\inpenc@posthook=\toks15
)
(/usr/share/texlive/texmf-dist/tex/latex/graphics/graphicx.sty
Package: graphicx 2019/11/30 v1.2a Enhanced LaTeX Graphics (DPC,SPQR)

(/usr/share/texlive/texmf-dist/tex/latex/graphics/keyval.sty
Package: keyval 2014/10/28 v1.15 key=value parser (DPC)
\KV@toks@=\toks16
)
(/usr/share/texlive/texmf-dist/tex/latex/graphics/graphics.sty
Package: graphics 2019/11/30 v1.4a Standard LaTeX Graphics (DPC,SPQR)

(/usr/share/texlive/texmf-dist/tex/latex/graphics/trig.sty
Package: trig 2016/01/03 v1.10 sin cos tan (DPC)
)
(/usr/share/texlive/texmf-dist/tex/latex/graphics-cfg/graphics.cfg
File: graphics.cfg 2016/06/04 v1.11 sample graphics configuration
)
Package graphics Info: Driver file: pdftex.def on input line 105.

(/usr/share/texlive/texmf-dist/tex/latex/graphics-def/pdftex.def
File: pdftex.def 2018/01/08 v1.0l Graphics/color driver for pdftex
))
\Gin@req@height=\dimen135
\Gin@req@width=\dimen136
)
(/usr/share/texlive/texmf-dist/tex/latex/geometry/geometry.sty
Package: geometry 2020/01/02 v5.9 Page Geometry

(/usr/share/texlive/texmf-dist/tex/generic/iftex/ifvtex.sty
Package: ifvtex 2019/10/25 v1.7 ifvtex legacy package. Use iftex instead.

(/usr/share/texlive/texmf-dist/tex/generic/iftex/iftex.sty
Package: iftex 2019/11/07 v1.0c TeX engine tests
))
\Gm@cnth=\count175
\Gm@cntv=\count176
\c@Gm@tempcnt=\count177
\Gm@bindingoffset=\dimen137
\Gm@wd@mp=\dimen138
\Gm@odd@mp=\dimen139
\Gm@even@mp=\dimen140
\Gm@layoutwidth=\dimen141
\Gm@layoutheight=\dimen142
\Gm@layouthoffset=\dimen143
\Gm@layoutvoffset=\dimen144
\Gm@dimlist=\toks17
)
(/usr/share/texlive/texmf-dist/tex/latex/graphics/rotating.sty
Package: rotating 2016/08/11 v2.16d rotated objects in LaTeX

(/usr/share/texlive/texmf-dist/tex/latex/base/ifthen.sty
Package: ifthen 2014/09/29 v1.1c Standard LaTeX ifthen package (DPC)
)
\c@r@tfl@t=\count178
\rotFPtop=\skip49
\rotFPbot=\skip50
\rot@float@box=\box45
\rot@mess@toks=\toks18
)
(/usr/share/texlive/texmf-dist/tex/latex/tools/afterpage.sty
Package: afterpage 2014/10/28 v1.08 After-Page Package (DPC)
\AP@output=\toks19
\AP@partial=\box46
\AP@footins=\box47
)
(/usr/share/texlive/texmf-dist/tex/latex/url/url.sty
\Urlmuskip=\muskip16
Package: url 2013/09/16  ver 3.4  Verb mode for urls, etc.
)
(/usr/share/texlive/texmf-dist/tex/latex/algorithms/algorithm.sty
Package: algorithm 2009/08/24 v0.1 Document Style `algorithm' - floating enviro
nment

(/usr/share/texlive/texmf-dist/tex/latex/float/float.sty
Package: float 2001/11/08 v1.3d Float enhancements (AL)
\c@float@type=\count179
\float@exts=\toks20
\float@box=\box48
\@float@everytoks=\toks21
\@floatcapt=\box49
)
\@float@every@algorithm=\toks22
\c@algorithm=\count180
)
(/usr/share/texlive/texmf-dist/tex/latex/algorithmicx/algpseudocode.sty
Package: algpseudocode 

(/usr/share/texlive/texmf-dist/tex/latex/algorithmicx/algorithmicx.sty
Package: algorithmicx 2005/04/27 v1.2 Algorithmicx

Document Style algorithmicx 1.2 - a greatly improved `algorithmic' style
\c@ALG@line=\count181
\c@ALG@rem=\count182
\c@ALG@nested=\count183
\ALG@tlm=\skip51
\ALG@thistlm=\skip52
\c@ALG@Lnr=\count184
\c@ALG@blocknr=\count185
\c@ALG@storecount=\count186
\c@ALG@tmpcounter=\count187
\ALG@tmplength=\skip53
)
Document Style - pseudocode environments for use with the `algorithmicx' style
) (/usr/share/texlive/texmf-dist/tex/latex/amsmath/amsmath.sty
Package: amsmath 2020/01/20 v2.17e AMS math features
\@mathmargin=\skip54

For additional information on amsmath, use the `?' option.
(/usr/share/texlive/texmf-dist/tex/latex/amsmath/amstext.sty
Package: amstext 2000/06/29 v2.01 AMS text

(/usr/share/texlive/texmf-dist/tex/latex/amsmath/amsgen.sty
File: amsgen.sty 1999/11/30 v2.0 generic functions
\@emptytoks=\toks23
\ex@=\dimen145
))
(/usr/share/texlive/texmf-dist/tex/latex/amsmath/amsbsy.sty
Package: amsbsy 1999/11/29 v1.2d Bold Symbols
\pmbraise@=\dimen146
)
(/usr/share/texlive/texmf-dist/tex/latex/amsmath/amsopn.sty
Package: amsopn 2016/03/08 v2.02 operator names
)
\inf@bad=\count188
LaTeX Info: Redefining \frac on input line 227.
\uproot@=\count189
\leftroot@=\count190
LaTeX Info: Redefining \overline on input line 389.
\classnum@=\count191
\DOTSCASE@=\count192
LaTeX Info: Redefining \ldots on input line 486.
LaTeX Info: Redefining \dots on input line 489.
LaTeX Info: Redefining \cdots on input line 610.
\Mathstrutbox@=\box50
\strutbox@=\box51
\big@size=\dimen147
LaTeX Font Info:    Redeclaring font encoding OML on input line 733.
LaTeX Font Info:    Redeclaring font encoding OMS on input line 734.
\macc@depth=\count193
\c@MaxMatrixCols=\count194
\dotsspace@=\muskip17
\c@parentequation=\count195
\dspbrk@lvl=\count196
\tag@help=\toks24
\row@=\count197
\column@=\count198
\maxfields@=\count199
\andhelp@=\toks25
\eqnshift@=\dimen148
\alignsep@=\dimen149
\tagshift@=\dimen150
\tagwidth@=\dimen151
\totwidth@=\dimen152
\lineht@=\dimen153
\@envbody=\toks26
\multlinegap=\skip55
\multlinetaggap=\skip56
\mathdisplay@stack=\toks27
LaTeX Info: Redefining \[ on input line 2859.
LaTeX Info: Redefining \] on input line 2860.
)
(/usr/share/texlive/texmf-dist/tex/latex/mathtools/mathtools.sty
Package: mathtools 2020/01/17 v1.23 mathematical typesetting tools

(/usr/share/texlive/texmf-dist/tex/latex/tools/calc.sty
Package: calc 2017/05/25 v4.3 Infix arithmetic (KKT,FJ)
\calc@Acount=\count266
\calc@Bcount=\count267
\calc@Adimen=\dimen154
\calc@Bdimen=\dimen155
\calc@Askip=\skip57
\calc@Bskip=\skip58
LaTeX Info: Redefining \setlength on input line 80.
LaTeX Info: Redefining \addtolength on input line 81.
\calc@Ccount=\count268
\calc@Cskip=\skip59
)
(/usr/share/texlive/texmf-dist/tex/latex/mathtools/mhsetup.sty
Package: mhsetup 2017/03/31 v1.3 programming setup (MH)
)
LaTeX Info: Thecontrolsequence`\('isalreadyrobust on input line 129.
LaTeX Info: Thecontrolsequence`\)'isalreadyrobust on input line 129.
LaTeX Info: Thecontrolsequence`\['isalreadyrobust on input line 129.
LaTeX Info: Thecontrolsequence`\]'isalreadyrobust on input line 129.
\g_MT_multlinerow_int=\count269
\l_MT_multwidth_dim=\dimen156
\origjot=\skip60
\l_MT_shortvdotswithinadjustabove_dim=\dimen157
\l_MT_shortvdotswithinadjustbelow_dim=\dimen158
\l_MT_above_intertext_sep=\dimen159
\l_MT_below_intertext_sep=\dimen160
\l_MT_above_shortintertext_sep=\dimen161
\l_MT_below_shortintertext_sep=\dimen162
)
(/usr/share/texlive/texmf-dist/tex/latex/tools/tabularx.sty
Package: tabularx 2020/01/15 v2.11c `tabularx' package (DPC)

(/usr/share/texlive/texmf-dist/tex/latex/tools/array.sty
Package: array 2019/08/31 v2.4l Tabular extension package (FMi)
\col@sep=\dimen163
\ar@mcellbox=\box52
\extrarowheight=\dimen164
\NC@list=\toks28
\extratabsurround=\skip61
\backup@length=\skip62
\ar@cellbox=\box53
)
\TX@col@width=\dimen165
\TX@old@table=\dimen166
\TX@old@col=\dimen167
\TX@target=\dimen168
\TX@delta=\dimen169
\TX@cols=\count270
\TX@ftn=\toks29
)
(/usr/share/texlive/texmf-dist/tex/latex/caption/caption.sty
Package: caption 2020/01/03 v3.4h Customizing captions (AR)

(/usr/share/texlive/texmf-dist/tex/latex/caption/caption3.sty
Package: caption3 2020/01/03 v1.8h caption3 kernel (AR)
Package caption3 Info: TeX engine: e-TeX on input line 61.
\captionmargin=\dimen170
\captionmargin@=\dimen171
\captionwidth=\dimen172
\caption@tempdima=\dimen173
\caption@indent=\dimen174
\caption@parindent=\dimen175
\caption@hangindent=\dimen176
Package caption Info: Standard document class detected.
)
\c@caption@flags=\count271
\c@continuedfloat=\count272
Package caption Info: float package is loaded.
Package caption Info: rotating package is loaded.
)
(/usr/share/texlive/texmf-dist/tex/latex/caption/subcaption.sty
Package: subcaption 2020/01/22 v1.3d Sub-captions (AR)
\c@subfigure=\count273
\c@subtable=\count274
)
(/usr/share/texlive/texmf-dist/tex/latex/l3backend/l3backend-pdfmode.def
File: l3backend-pdfmode.def 2020-02-03 L3 backend support: PDF mode
\l__kernel_color_stack_int=\count275
\l__pdf_internal_box=\box54
)
(./report.aux)
\openout1 = `report.aux'.

LaTeX Font Info:    Checking defaults for OML/cmm/m/it on input line 24.
LaTeX Font Info:    ... okay on input line 24.
LaTeX Font Info:    Checking defaults for OMS/cmsy/m/n on input line 24.
LaTeX Font Info:    ... okay on input line 24.
LaTeX Font Info:    Checking defaults for OT1/cmr/m/n on input line 24.
LaTeX Font Info:    ... okay on input line 24.
LaTeX Font Info:    Checking defaults for T1/cmr/m/n on input line 24.
LaTeX Font Info:    ... okay on input line 24.
LaTeX Font Info:    Checking defaults for TS1/cmr/m/n on input line 24.
LaTeX Font Info:    ... okay on input line 24.
LaTeX Font Info:    Checking defaults for OMX/cmex/m/n on input line 24.
LaTeX Font Info:    ... okay on input line 24.
LaTeX Font Info:    Checking defaults for U/cmr/m/n on input line 24.
LaTeX Font Info:    ... okay on input line 24.

(/usr/share/texlive/texmf-dist/tex/context/base/mkii/supp-pdf.mkii
[Loading MPS to PDF converter (version 2006.09.02).]
\scratchcounter=\count276
\scratchdimen=\dimen177
\scratchbox=\box55
\nofMPsegments=\count277
\nofMParguments=\count278
\everyMPshowfont=\toks30
\MPscratchCnt=\count279
\MPscratchDim=\dimen178
\MPnumerator=\count280
\makeMPintoPDFobject=\count281
\everyMPtoPDFconversion=\toks31
) (/usr/share/texlive/texmf-dist/tex/latex/epstopdf-pkg/epstopdf-base.sty
Package: epstopdf-base 2020-01-24 v2.11 Base part for package epstopdf
Package epstopdf-base Info: Redefining graphics rule for `.eps' on input line 4
85.

(/usr/share/texlive/texmf-dist/tex/latex/latexconfig/epstopdf-sys.cfg
File: epstopdf-sys.cfg 2010/07/13 v1.3 Configuration of (r)epstopdf for TeX Liv
e
))
*geometry* driver: auto-detecting
*geometry* detected driver: pdftex
*geometry* verbose mode - [ preamble ] result:
* driver: pdftex
* paper: a4paper
* layout: <same size as paper>
* layoutoffset:(h,v)=(0.0pt,0.0pt)
* modes: 
* h-part:(L,W,R)=(9.67393pt, 578.15999pt, 9.67395pt)
* v-part:(T,H,B)=(34.48474pt, 758.83499pt, 51.72711pt)
* \paperwidth=597.50787pt
* \paperheight=845.04684pt
* \textwidth=578.15999pt
* \textheight=758.83499pt
* \oddsidemargin=-62.59605pt
* \evensidemargin=-62.59605pt
* \topmargin=-74.78525pt
* \headheight=12.0pt
* \headsep=25.0pt
* \topskip=10.0pt
* \footskip=30.0pt
* \marginparwidth=65.0pt
* \marginparsep=11.0pt
* \columnsep=10.0pt
* \skip\footins=9.0pt plus 4.0pt minus 2.0pt
* \hoffset=0.0pt
* \voffset=0.0pt
* \mag=1000
* \@twocolumnfalse
* \@twosidefalse
* \@mparswitchfalse
* \@reversemarginfalse
* (1in=72.27pt=25.4mm, 1cm=28.453pt)

Package caption Info: Begin \AtBeginDocument code.
Package caption Info: End \AtBeginDocument code.
[1

{/var/lib/texmf/fonts/map/pdftex/updmap/pdftex.map}] [2]
<dataSet1/plots/optimized0.png, id=23, 462.528pt x 346.896pt>
File: dataSet1/plots/optimized0.png Graphic file (type png)
<use dataSet1/plots/optimized0.png>
Package pdftex.def Info: dataSet1/plots/optimized0.png  used on input line 158.

(pdftex.def)             Requested size: 462.52686pt x 346.89514pt.
<dataSet1/plots/optimized3.png, id=25, 462.528pt x 346.896pt>
File: dataSet1/plots/optimized3.png Graphic file (type png)
<use dataSet1/plots/optimized3.png>
Package pdftex.def Info: dataSet1/plots/optimized3.png  used on input line 164.

(pdftex.def)             Requested size: 462.52686pt x 346.89514pt.
<dataSet1/plots/optimized49.png, id=26, 462.528pt x 346.896pt>
File: dataSet1/plots/optimized49.png Graphic file (type png)
<use dataSet1/plots/optimized49.png>
Package pdftex.def Info: dataSet1/plots/optimized49.png  used on input line 170
.
(pdftex.def)             Requested size: 462.52686pt x 346.89514pt.
 [3 <./dataSet1/plots/optimized0.png>]
<dataSet1/scores.png, id=31, 462.528pt x 346.896pt>
File: dataSet1/scores.png Graphic file (type png)
<use dataSet1/scores.png>
Package pdftex.def Info: dataSet1/scores.png  used on input line 179.
(pdftex.def)             Requested size: 462.52686pt x 346.89514pt.
 [4 <./dataSet1/plots/optimized3.png> <./dataSet1/plots/optimized49.png>]
<dataSet1/MTDeviation.png, id=37, 462.528pt x 346.896pt>
File: dataSet1/MTDeviation.png Graphic file (type png)
<use dataSet1/MTDeviation.png>
Package pdftex.def Info: dataSet1/MTDeviation.png  used on input line 186.
(pdftex.def)             Requested size: 462.52686pt x 346.89514pt.
 [5 <./dataSet1/scores.png>]
<dataSet1/MTsimilarity.png, id=42, 462.528pt x 346.896pt>
File: dataSet1/MTsimilarity.png Graphic file (type png)
<use dataSet1/MTsimilarity.png>
Package pdftex.def Info: dataSet1/MTsimilarity.png  used on input line 193.
(pdftex.def)             Requested size: 462.52686pt x 346.89514pt.
 [6 <./dataSet1/MTDeviation.png> <./dataSet1/MTsimilarity.png>]
<dataSet2/plots/optimized0.png, id=48, 462.528pt x 346.896pt>
File: dataSet2/plots/optimized0.png Graphic file (type png)
<use dataSet2/plots/optimized0.png>
Package pdftex.def Info: dataSet2/plots/optimized0.png  used on input line 229.

(pdftex.def)             Requested size: 462.52686pt x 346.89514pt.
<dataSet2/plots/optimized3.png, id=49, 462.528pt x 346.896pt>
File: dataSet2/plots/optimized3.png Graphic file (type png)
<use dataSet2/plots/optimized3.png>
Package pdftex.def Info: dataSet2/plots/optimized3.png  used on input line 235.

(pdftex.def)             Requested size: 462.52686pt x 346.89514pt.
<dataSet2/plots/optimized49.png, id=50, 462.528pt x 346.896pt>
File: dataSet2/plots/optimized49.png Graphic file (type png)
<use dataSet2/plots/optimized49.png>
Package pdftex.def Info: dataSet2/plots/optimized49.png  used on input line 241
.
(pdftex.def)             Requested size: 462.52686pt x 346.89514pt.
 [7 <./dataSet2/plots/optimized0.png>]
<dataSet2/scores.png, id=56, 462.528pt x 346.896pt>
File: dataSet2/scores.png Graphic file (type png)
<use dataSet2/scores.png>
Package pdftex.def Info: dataSet2/scores.png  used on input line 248.
(pdftex.def)             Requested size: 462.52686pt x 346.89514pt.
 [8 <./dataSet2/plots/optimized3.png> <./dataSet2/plots/optimized49.png>]
<dataSet2/MTDeviation.png, id=62, 462.528pt x 346.896pt>
File: dataSet2/MTDeviation.png Graphic file (type png)
<use dataSet2/MTDeviation.png>
Package pdftex.def Info: dataSet2/MTDeviation.png  used on input line 255.
(pdftex.def)             Requested size: 462.52686pt x 346.89514pt.
<dataSet2/MTsimilarity.png, id=63, 462.528pt x 346.896pt>
File: dataSet2/MTsimilarity.png Graphic file (type png)
<use dataSet2/MTsimilarity.png>
Package pdftex.def Info: dataSet2/MTsimilarity.png  used on input line 262.
(pdftex.def)             Requested size: 462.52686pt x 346.89514pt.
 [9 <./dataSet2/scores.png> <./dataSet2/MTDeviation.png>]
<dataSet3/plots/optimized0.png, id=69, 462.528pt x 346.896pt>
File: dataSet3/plots/optimized0.png Graphic file (type png)
<use dataSet3/plots/optimized0.png>
Package pdftex.def Info: dataSet3/plots/optimized0.png  used on input line 288.

(pdftex.def)             Requested size: 462.52686pt x 346.89514pt.
<dataSet3/plots/optimized3.png, id=70, 462.528pt x 346.896pt>
File: dataSet3/plots/optimized3.png Graphic file (type png)
<use dataSet3/plots/optimized3.png>
Package pdftex.def Info: dataSet3/plots/optimized3.png  used on input line 294.

(pdftex.def)             Requested size: 462.52686pt x 346.89514pt.
 [10 <./dataSet2/MTsimilarity.png>]
<dataSet3/plots/optimized49.png, id=75, 462.528pt x 346.896pt>
File: dataSet3/plots/optimized49.png Graphic file (type png)
<use dataSet3/plots/optimized49.png>
Package pdftex.def Info: dataSet3/plots/optimized49.png  used on input line 300
.
(pdftex.def)             Requested size: 462.52686pt x 346.89514pt.
 [11 <./dataSet3/plots/optimized0.png> <./dataSet3/plots/optimized3.png>]
File: dataSet2/scores.png Graphic file (type png)
<use dataSet2/scores.png>
Package pdftex.def Info: dataSet2/scores.png  used on input line 308.
(pdftex.def)             Requested size: 462.52686pt x 346.89514pt.
File: dataSet2/MTDeviation.png Graphic file (type png)
<use dataSet2/MTDeviation.png>
Package pdftex.def Info: dataSet2/MTDeviation.png  used on input line 315.
(pdftex.def)             Requested size: 462.52686pt x 346.89514pt.
 [12 <./dataSet3/plots/optimized49.png>]
File: dataSet2/MTsimilarity.png Graphic file (type png)
<use dataSet2/MTsimilarity.png>
Package pdftex.def Info: dataSet2/MTsimilarity.png  used on input line 322.
(pdftex.def)             Requested size: 462.52686pt x 346.89514pt.
 [13] [14] (./report.aux) ) 
Here is how much of TeX's memory you used:
 5013 strings out of 481239
 77323 string characters out of 5920377
 330829 words of memory out of 5000000
 20221 multiletter control sequences out of 15000+600000
 538056 words of font info for 44 fonts, out of 8000000 for 9000
 1141 hyphenation exceptions out of 8191
 41i,15n,42p,704b,402s stack positions out of 5000i,500n,10000p,200000b,80000s
{/usr/share/texmf/fonts/enc/dvips/cm-super/cm-super-
ts1.enc}</usr/share/texlive/texmf-dist/fonts/type1/public/amsfonts/cm/cmbx10.pf
b></usr/share/texlive/texmf-dist/fonts/type1/public/amsfonts/cm/cmbx12.pfb></us
r/share/texlive/texmf-dist/fonts/type1/public/amsfonts/cm/cmex10.pfb></usr/shar
e/texlive/texmf-dist/fonts/type1/public/amsfonts/cm/cmmi10.pfb></usr/share/texl
ive/texmf-dist/fonts/type1/public/amsfonts/cm/cmmi7.pfb></usr/share/texlive/tex
mf-dist/fonts/type1/public/amsfonts/cm/cmr10.pfb></usr/share/texlive/texmf-dist
/fonts/type1/public/amsfonts/cm/cmr12.pfb></usr/share/texlive/texmf-dist/fonts/
type1/public/amsfonts/cm/cmr17.pfb></usr/share/texlive/texmf-dist/fonts/type1/p
ublic/amsfonts/cm/cmr6.pfb></usr/share/texlive/texmf-dist/fonts/type1/public/am
sfonts/cm/cmr7.pfb></usr/share/texlive/texmf-dist/fonts/type1/public/amsfonts/c
m/cmr8.pfb></usr/share/texlive/texmf-dist/fonts/type1/public/amsfonts/cm/cmsy10
.pfb></usr/share/texlive/texmf-dist/fonts/type1/public/amsfonts/cm/cmsy7.pfb></
usr/share/texmf/fonts/type1/public/cm-super/sfrm1000.pfb>
Output written on report.pdf (14 pages, 625315 bytes).
PDF statistics:
 138 PDF objects out of 1000 (max. 8388607)
 77 compressed objects within 1 object stream
 0 named destinations out of 1000 (max. 500000)
 76 words of extra memory for PDF output out of 10000 (max. 10000000)

